0 info it worked if it ends with ok
1 verbose cli [ 'C:\\Program Files\\nodejs\\node.exe',
1 verbose cli   'C:\\Users\\EdgeTech\\AppData\\Roaming\\npm\\node_modules\\npm\\bin\\npm-cli.js',
1 verbose cli   'publish' ]
2 info using npm@3.3.4
3 info using node@v6.9.1
4 verbose publish [ '.' ]
5 silly cache add args [ '.', null ]
6 verbose cache add spec .
7 silly cache add parsed spec Result {
7 silly cache add   raw: '.',
7 silly cache add   scope: null,
7 silly cache add   name: null,
7 silly cache add   rawSpec: '.',
7 silly cache add   spec: 'C:\\Users\\EdgeTech\\NodeProjects\\reamn\\reamn',
7 silly cache add   type: 'directory' }
8 verbose addLocalDirectory C:\Users\EdgeTech\AppData\Roaming\npm-cache\ream\0.0.1\package.tgz not in flight; packing
9 info lifecycle ream@0.0.1~prepublish: ream@0.0.1
10 silly lifecycle ream@0.0.1~prepublish: no script for prepublish, continuing
11 verbose tar pack [ 'C:\\Users\\EdgeTech\\AppData\\Roaming\\npm-cache\\ream\\0.0.1\\package.tgz',
11 verbose tar pack   'C:\\Users\\EdgeTech\\NodeProjects\\reamn\\reamn' ]
12 verbose tarball C:\Users\EdgeTech\AppData\Roaming\npm-cache\ream\0.0.1\package.tgz
13 verbose folder C:\Users\EdgeTech\NodeProjects\reamn\reamn
14 verbose addLocalTarball adding from inside cache C:\Users\EdgeTech\AppData\Roaming\npm-cache\ream\0.0.1\package.tgz
15 silly cache afterAdd ream@0.0.1
16 verbose afterAdd C:\Users\EdgeTech\AppData\Roaming\npm-cache\ream\0.0.1\package\package.json not in flight; writing
17 verbose afterAdd C:\Users\EdgeTech\AppData\Roaming\npm-cache\ream\0.0.1\package\package.json written
18 silly publish { name: 'ream',
18 silly publish   version: '0.0.1',
18 silly publish   description: 'A Really MEAN Web Framework',
18 silly publish   main: 'index.js',
18 silly publish   scripts: { test: 'echo "Error: no test specified" && exit 1' },
18 silly publish   keywords: [ 'framework', 'MEAN', 'really' ],
18 silly publish   author: { name: 'Ore-Ofe Olurin' },
18 silly publish   license: 'Apache-2.0',
18 silly publish   bin: { ream: './index.js' },
18 silly publish   repository:
18 silly publish    { type: 'git',
18 silly publish      url: 'git+https://github.com/oreofeolurin/ream.git' },
18 silly publish   dependencies:
18 silly publish    { '@types/uglify-js': '2.6.28',
18 silly publish      autoprefixer: '6.5.3',
18 silly publish      chalk: '1.1.3',
18 silly publish      chokidar: '1.6.1',
18 silly publish      'cli-progress-spinner': '0.0.2',
18 silly publish      co: '4.6.0',
18 silly publish      'co-prompt': '1.0.0',
18 silly publish      commander: '2.9.0',
18 silly publish      'concat-files': '0.1.0',
18 silly publish      cssnano: '3.8.0',
18 silly publish      del: '2.2.2',
18 silly publish      'fs-extra': '1.0.0',
18 silly publish      globby: '6.1.0',
18 silly publish      gulp: '3.9.1',
18 silly publish      'gulp-typescript': '3.1.3',
18 silly publish      lodash: '4.17.2',
18 silly publish      'node-sass': '3.13.0',
18 silly publish      postcss: '5.2.6',
18 silly publish      progress: '1.1.8',
18 silly publish      prompt: '1.0.0',
18 silly publish      rollup: '0.36.4',
18 silly publish      'rollup-plugin-angular': '0.4.3',
18 silly publish      'rollup-plugin-buble': '0.14.0',
18 silly publish      'rollup-plugin-commonjs': '5.0.5',
18 silly publish      'rollup-plugin-node-resolve': '2.0.0',
18 silly publish      'rollup-plugin-typescript': '0.8.1',
18 silly publish      'rollup-plugin-uglify': '1.0.1',
18 silly publish      rxjs: '5.0.0-rc.4',
18 silly publish      'systemjs-builder': '0.15.34',
18 silly publish      typescript: '2.2.0-dev.20170105',
18 silly publish      'uglify-js': '2.7.5' },
18 silly publish   devDependencies:
18 silly publish    { '@types/commander': '2.3.31',
18 silly publish      '@types/node-sass': '3.10.31',
18 silly publish      '@types/chalk': '0.4.31',
18 silly publish      '@types/fs-extra': '0.0.35',
18 silly publish      '@types/del': '2.2.31',
18 silly publish      '@types/lodash': '4.14.39' },
18 silly publish   readme: '\r\n\r\n**How to use**\r\n\r\n`ream init` to initialize the ream framework\r\n\r\n`ream build [-dev]` to build the project in development mode\r\n \r\n`npm run server` to start the server\r\n\r\n`ream watch` to start ream watcher in development mode',
18 silly publish   readmeFilename: 'README.md',
18 silly publish   gitHead: 'c389ef1879ea5dd80693bfd00abc540121262243',
18 silly publish   bugs: { url: 'https://github.com/oreofeolurin/ream/issues' },
18 silly publish   homepage: 'https://github.com/oreofeolurin/ream#readme',
18 silly publish   _id: 'ream@0.0.1',
18 silly publish   _shasum: 'a038e3727a48af54c4935d9309be8d2ff210519c',
18 silly publish   _from: '.' }
19 verbose getPublishConfig undefined
20 silly mapToRegistry name ream
21 silly mapToRegistry using default registry
22 silly mapToRegistry registry https://registry.npmjs.org/
23 silly mapToRegistry uri https://registry.npmjs.org/ream
24 verbose publish registryBase https://registry.npmjs.org/
25 silly publish uploading C:\Users\EdgeTech\AppData\Roaming\npm-cache\ream\0.0.1\package.tgz
26 verbose request uri https://registry.npmjs.org/ream
27 verbose request sending authorization for write operation
28 info attempt registry request try #1 at 4:52:58 PM
29 verbose request using bearer token for auth
30 verbose request id a632523ca878c5c8
31 http request PUT https://registry.npmjs.org/ream
32 http 403 https://registry.npmjs.org/ream
33 verbose headers { 'content-type': 'application/json',
33 verbose headers   'cache-control': 'max-age=300',
33 verbose headers   'content-length': '98',
33 verbose headers   'accept-ranges': 'bytes',
33 verbose headers   date: 'Sun, 08 Jan 2017 15:52:17 GMT',
33 verbose headers   via: '1.1 varnish',
33 verbose headers   connection: 'keep-alive',
33 verbose headers   'x-served-by': 'cache-lcy1147-LCY',
33 verbose headers   'x-cache': 'MISS',
33 verbose headers   'x-cache-hits': '0',
33 verbose headers   'x-timer': 'S1483890728.017742,VS0,VE9574',
33 verbose headers   vary: 'Accept-Encoding' }
34 verbose request invalidating C:\Users\EdgeTech\AppData\Roaming\npm-cache\registry.npmjs.org\ream on PUT
35 error publish Failed PUT 403
36 verbose stack Error: you do not have permission to publish "ream". Are you logged in as the correct user? : ream
36 verbose stack     at makeError (C:\Users\EdgeTech\AppData\Roaming\npm\node_modules\npm\node_modules\npm-registry-client\lib\request.js:264:12)
36 verbose stack     at CachingRegistryClient.<anonymous> (C:\Users\EdgeTech\AppData\Roaming\npm\node_modules\npm\node_modules\npm-registry-client\lib\request.js:252:14)
36 verbose stack     at Request._callback (C:\Users\EdgeTech\AppData\Roaming\npm\node_modules\npm\node_modules\npm-registry-client\lib\request.js:172:14)
36 verbose stack     at Request.self.callback (C:\Users\EdgeTech\AppData\Roaming\npm\node_modules\npm\node_modules\request\request.js:198:22)
36 verbose stack     at emitTwo (events.js:106:13)
36 verbose stack     at Request.emit (events.js:191:7)
36 verbose stack     at Request.<anonymous> (C:\Users\EdgeTech\AppData\Roaming\npm\node_modules\npm\node_modules\request\request.js:1063:14)
36 verbose stack     at emitOne (events.js:101:20)
36 verbose stack     at Request.emit (events.js:188:7)
36 verbose stack     at IncomingMessage.<anonymous> (C:\Users\EdgeTech\AppData\Roaming\npm\node_modules\npm\node_modules\request\request.js:1009:12)
37 verbose statusCode 403
38 verbose pkgid ream
39 verbose cwd C:\Users\EdgeTech\NodeProjects\reamn\reamn
40 error Windows_NT 10.0.14393
41 error argv "C:\\Program Files\\nodejs\\node.exe" "C:\\Users\\EdgeTech\\AppData\\Roaming\\npm\\node_modules\\npm\\bin\\npm-cli.js" "publish"
42 error node v6.9.1
43 error npm  v3.3.4
44 error code E403
45 error you do not have permission to publish "ream". Are you logged in as the correct user? : ream
46 error If you need help, you may report this error at:
46 error     <https://github.com/npm/npm/issues>
47 verbose exit [ 1, true ]
